2014-11-12 13:30:55,036 INFO [main] [com.atlassian.confluence.lifecycle] contextInitialized Starting Confluence 5.4.4 [build 4733 based on commit hash f235dd088df5682b0560ab6fc66ed22c9124c0be]
2014-11-12 13:30:58,375 WARN [main] [atlassian.config.xml.AbstractDom4jXmlConfigurationPersister] saveDocumentAtomically Unable to move E:\confluence\data\confluence.cfg.xml2551996822201827444tmp to E:\confluence\data\confluence.cfg.xml. Falling back to non-atomic overwrite.
2014-11-12 13:30:58,453 INFO [main] [springframework.web.context.ContextLoader] initWebApplicationContext Root WebApplicationContext: initialization started
2014-11-12 13:31:01,994 INFO [main] [com.atlassian.confluence.lifecycle] <init> Loading EhCache cache manager
2014-11-12 13:31:13,130 WARN [main] [org.springframework.beans.TypeConverterDelegate] findDefaultEditor PropertyEditor [com.sun.beans.editors.EnumEditor] found through deprecated global PropertyEditorManager fallback - consider using a more isolated form of registration, e.g. on the BeanWrapper/BeanFactory!
2014-11-12 13:31:17,186 WARN [main] [render.xhtml.migration.PageTemplateSiteMigrator] calculateNumberOfMigrationThreads SQL Server detected so only one thread will be used in migration to avoid dead lock problems.
2014-11-12 13:31:17,607 WARN [main] [render.xhtml.migration.DefaultSiteMigrator] getNumberOfThreads SQL Server detected so only one thread will be used in migration to avoid dead lock problems.
2014-11-12 13:31:17,623 WARN [main] [render.xhtml.migration.PageTemplateSiteMigrator] calculateNumberOfMigrationThreads SQL Server detected so only one thread will be used in migration to avoid dead lock problems.
2014-11-12 13:31:21,945 WARN [main] [render.xhtml.migration.DefaultSiteMigrator] getNumberOfThreads SQL Server detected so only one thread will be used in migration to avoid dead lock problems.
2014-11-12 13:31:24,005 WARN [main] [render.xhtml.migration.DefaultSiteMigrator] getNumberOfThreads SQL Server detected so only one thread will be used in migration to avoid dead lock problems.
2014-11-12 13:31:24,005 INFO [main] [springframework.web.context.ContextLoader] initWebApplicationContext Root WebApplicationContext: initialization completed in 25552 ms
2014-11-12 13:31:24,192 INFO [main] [atlassian.plugin.manager.DefaultPluginManager] init Initialising the plugin system
2014-11-12 13:32:09,559 WARN [ThreadPoolAsyncTaskExecutor::Thread 14] [org.springframework.beans.TypeConverterDelegate] findDefaultEditor PropertyEditor [com.sun.beans.editors.EnumEditor] found through deprecated global PropertyEditorManager fallback - consider using a more isolated form of registration, e.g. on the BeanWrapper/BeanFactory!
2014-11-12 13:32:14,641 WARN [ThreadPoolAsyncTaskExecutor::Thread 53] [org.springframework.beans.TypeConverterDelegate] findDefaultEditor PropertyEditor [com.sun.beans.editors.EnumEditor] found through deprecated global PropertyEditorManager fallback - consider using a more isolated form of registration, e.g. on the BeanWrapper/BeanFactory!
2014-11-12 13:32:14,641 WARN [ThreadPoolAsyncTaskExecutor::Thread 53] [org.springframework.beans.TypeConverterDelegate] findDefaultEditor PropertyEditor [com.sun.beans.editors.EnumEditor] found through deprecated global PropertyEditorManager fallback - consider using a more isolated form of registration, e.g. on the BeanWrapper/BeanFactory!
2014-11-12 13:32:14,641 WARN [ThreadPoolAsyncTaskExecutor::Thread 53] [org.springframework.beans.TypeConverterDelegate] findDefaultEditor PropertyEditor [com.sun.beans.editors.EnumEditor] found through deprecated global PropertyEditorManager fallback - consider using a more isolated form of registration, e.g. on the BeanWrapper/BeanFactory!
2014-11-12 13:32:14,656 WARN [ThreadPoolAsyncTaskExecutor::Thread 53] [org.springframework.beans.TypeConverterDelegate] findDefaultEditor PropertyEditor [com.sun.beans.editors.EnumEditor] found through deprecated global PropertyEditorManager fallback - consider using a more isolated form of registration, e.g. on the BeanWrapper/BeanFactory!
2014-11-12 13:32:14,656 WARN [ThreadPoolAsyncTaskExecutor::Thread 53] [org.springframework.beans.TypeConverterDelegate] findDefaultEditor PropertyEditor [com.sun.beans.editors.EnumEditor] found through deprecated global PropertyEditorManager fallback - consider using a more isolated form of registration, e.g. on the BeanWrapper/BeanFactory!
2014-11-12 13:32:14,656 WARN [ThreadPoolAsyncTaskExecutor::Thread 53] [org.springframework.beans.TypeConverterDelegate] findDefaultEditor PropertyEditor [com.sun.beans.editors.EnumEditor] found through deprecated global PropertyEditorManager fallback - consider using a more isolated form of registration, e.g. on the BeanWrapper/BeanFactory!
2014-11-12 13:32:14,656 WARN [ThreadPoolAsyncTaskExecutor::Thread 53] [org.springframework.beans.TypeConverterDelegate] findDefaultEditor PropertyEditor [com.sun.beans.editors.EnumEditor] found through deprecated global PropertyEditorManager fallback - consider using a more isolated form of registration, e.g. on the BeanWrapper/BeanFactory!
2014-11-12 13:32:20,022 WARN [main] [atlassian.soy.renderer.SoyResourceModuleDescriptor] enabled soy-resource is deprecated. Please convert com.atlassian.confluence.plugins.soy:soy-core-functions to a web-resource and/or a soy-function
2014-11-12 13:32:22,521 WARN [active-objects-ddl-0] [java.ao.schema.SchemaGenerator] validateOneToManyAnnotation public abstract com.atlassian.mywork.host.dao.ao.AOUserApplicationLink[] com.atlassian.mywork.host.dao.ao.AOUser.getUserApplicationLinks() does not have a value specified for the reverse element of its OneToMany annotation. A value will be required by a future version of ActiveObjects.
2014-11-12 13:32:22,521 WARN [active-objects-ddl-0] [java.ao.schema.SchemaGenerator] validateOneToManyAnnotation public abstract com.atlassian.mywork.host.dao.ao.AOUserApplicationLink[] com.atlassian.mywork.host.dao.ao.AOUser.getUserApplicationLinks() does not have a value specified for the reverse element of its OneToMany annotation. A value will be required by a future version of ActiveObjects.
2014-11-12 13:32:25,114 INFO [main] [atlassian.plugin.manager.DefaultPluginManager] init Plugin system started in 0:01:00.906
2014-11-12 13:32:36,813 WARN [main] [atlassian.config.xml.AbstractDom4jXmlConfigurationPersister] saveDocumentAtomically Unable to move E:\confluence\data\confluence.cfg.xml8375930379804658598tmp to E:\confluence\data\confluence.cfg.xml. Falling back to non-atomic overwrite.
2014-11-12 13:32:36,828 INFO [main] [confluence.upgrade.impl.DefaultUpgradeGate] waitForBooleanValue Waiting to find if plugin dependent upgrades are required. Maximum wait time will be 90 seconds.
2014-11-12 13:32:36,828 INFO [main] [confluence.upgrade.impl.DefaultUpgradeGate] waitForBooleanValue plugin dependent upgrades are required : false.
2014-11-12 13:32:38,624 WARN [scheduler_Worker-6] [atlassian.confluence.cache.TransactionalCacheFactory] remove Transactional cache update outside transaction. All updates to this cache should be performed from a thread with a valid transaction context.
2014-11-12 13:32:38,640 WARN [scheduler_Worker-6] [atlassian.confluence.cache.TransactionalCacheFactory] remove Transactional cache update outside transaction. All updates to this cache should be performed from a thread with a valid transaction context.
2014-11-12 13:32:38,640 WARN [scheduler_Worker-6] [atlassian.confluence.cache.TransactionalCacheFactory] remove Transactional cache update outside transaction. All updates to this cache should be performed from a thread with a valid transaction context.
2014-11-12 13:32:38,640 WARN [scheduler_Worker-6] [atlassian.confluence.cache.TransactionalCacheFactory] remove Transactional cache update outside transaction. All updates to this cache should be performed from a thread with a valid transaction context.
2014-11-12 13:32:38,656 INFO [scheduler_Worker-9] [atlassian.crowd.directory.DbCachingRemoteDirectory] synchroniseCache synchronisation for directory [ 47415297 ] starting
2014-11-12 13:32:38,671 WARN [scheduler_Worker-6] [atlassian.confluence.cache.TransactionalCacheFactory] remove Transactional cache update outside transaction. All updates to this cache should be performed from a thread with a valid transaction context.
2014-11-12 13:32:39,093 INFO [CrowdUsnChangedCacheRefresher:thread-2] [directory.ldap.cache.UsnChangedCacheRefresher] call found [ 1 ] remote groups in [ 406ms ]
2014-11-12 13:32:39,437 INFO [CrowdUsnChangedCacheRefresher:thread-1] [directory.ldap.cache.UsnChangedCacheRefresher] call found [ 144 ] remote users in [ 750ms ]
2014-11-12 13:32:39,983 INFO [scheduler_Worker-9] [atlassian.crowd.directory.DbCachingRemoteChangeOperations] deleteCachedUsersNotIn scanned and compared [ 144 ] users for delete in DB cache in [ 515ms ]
2014-11-12 13:32:39,983 INFO [scheduler_Worker-9] [atlassian.crowd.directory.DbCachingRemoteChangeOperations] deleteCachedUsersNotIn scanned for deleted users in [ 515ms ]
2014-11-12 13:32:40,139 INFO [scheduler_Worker-9] [atlassian.crowd.directory.DbCachingRemoteChangeOperations] getUsersToAddAndUpdate scanning [ 144 ] users to add or update
2014-11-12 13:32:40,155 INFO [scheduler_Worker-9] [atlassian.crowd.directory.DirectoryCacheImplUsingChangeOperations] addOrUpdateCachedUsers scanned and compared [ 144 ] users for update in DB cache in [ 156ms ]
2014-11-12 13:32:40,171 INFO [scheduler_Worker-9] [atlassian.crowd.directory.DirectoryCacheImplUsingChangeOperations] addOrUpdateCachedUsers synchronised [ 144 ] users in [ 172ms ]
2014-11-12 13:32:40,171 INFO [scheduler_Worker-9] [atlassian.crowd.directory.DirectoryCacheImplUsingChangeOperations] addOrUpdateCachedGroups scanning [ 1 ] groups to add or update
2014-11-12 13:32:40,171 INFO [scheduler_Worker-9] [atlassian.crowd.directory.DbCachingRemoteChangeOperations] findGroupsToUpdate scanned and compared [ 1 ] groups for update in DB cache in [ 0ms ]
2014-11-12 13:32:40,186 INFO [scheduler_Worker-9] [atlassian.crowd.directory.DirectoryCacheImplUsingChangeOperations] addOrUpdateCachedGroups synchronized [ 1 ] groups in [ 15ms ]
2014-11-12 13:32:40,186 INFO [scheduler_Worker-9] [atlassian.crowd.directory.DbCachingRemoteChangeOperations] deleteCachedGroupsNotIn scanned and compared [ 1 ] groups for delete in DB cache in [ 0ms ]
2014-11-12 13:32:40,311 INFO [scheduler_Worker-9] [atlassian.crowd.directory.DbCachingRemoteDirectory] synchroniseCache FULL synchronisation complete for directory [ 47415297 ] in [ 1655ms ]
2014-11-12 13:32:41,592 INFO [main] [atlassian.confluence.status.SystemErrorInformationLogger] writeToLog 
--------------------------
Build Information
--------------------------
baseUrl = https://wiki.awrcorp.com
home = e:/confluence/data
buildNumber = 4733
upTime = 1 minute, 43 seconds
devMode = false
serverId = BT31-R9LR-8LNB-WVJP
supportEntitlementNumber = SEN-1341336
installationDate = 2006-11-21 14:42:34.0
version = 5.4.4
--------------------------
Server Information
--------------------------
Application Server: Apache Tomcat/6.0.35
Servlet Version: 2.5
--------------------------
Database Information
--------------------------
Database Dialect: net.sf.hibernate.dialect.SQLServerDialect
Database URL: jdbc:jtds:sqlserver://db1a.awr.local:1433/confluence
Database Driver Name: net.sourceforge.jtds.jdbc.Driver
Database Driver Version: 1.2.2
Database Name: Microsoft SQL Server
Database Version: 10.50.2550
Database Latency (ms): 32
--------------------------
System Information
--------------------------
favouriteColour = Doctor Who
javaRuntime = Java(TM) SE Runtime Environment
operatingSystem = Windows Server 2008 R2 6.1
jvmVersion = 1.7
fileSystemEncoding = Cp1252
javaVm = Java HotSpot(TM) Client VM
javaVendor = Oracle Corporation
jvmImplementationVersion = 24.71-b01
systemTimezone = America/Los_Angeles
appServer = Apache Tomcat
favouriteCharacter = TARDIS Blue
tempDirectory = E:\confluence\confluence-install\temp
date = Wednesday, November 12, 2014
jvmInputArguments = -Dcatalina.base=E:\confluence\confluence-install -Dcatalina.home=E:\confluence\confluence-install -Djava.endorsed.dirs=E:\confluence\confluence-install\endorsed -Djava.io.tmpdir=E:\confluence\confluence-install\temp -XX:MaxPermSize=256m -Djava.util.logging.manager=org.apache.juli.ClassLoaderLogManager -Djava.util.logging.config.file=E:\confluence\confluence-install\conf\logging.properties -Xms1024m -Xmx1280m 
time = 13:32:38
jvmVendor = Oracle Corporation
userName = WEB1A$
javaVersion = 1.7.0_71
systemLanguage = en
operatingSystemArchitecture = x86
workingDirectory = C:\Windows\system32
--------------------------
Global Settings
--------------------------
numberOfBreadcrumbAncestors = 1
enableSpaceStyles = false
webdavUsername = null
allowRemoteApi = true
allowThreadedComments = true
nofollowExternalLinks = true
senMissingInLicenseMessageOff = true
backupAttachmentsDaily = true
gzippingResponse = false
sharedMode = false
baseUrl = https://wiki.awrcorp.com
webdavServerUrl = null
enableQuickNav = true
viewSpaceGoesToSpaceSummary = false
webSudoTimeout = 10
saveable = true
globalDefaultLocale = en_GB
siteTitle = AWR Wiki
enableWysiwyg = true
maxThumbWidth = 300
defaultSpaceHomepageTitle = Home
maxThumbHeight = 300
indexingLanguage = english
allowCamelCase = false
defaultUsersGroup = confluence-users
emailAddressVisibility = email.address.masked
defaultEncoding = UTF-8
maxSimultaneousQuickNavRequests = 40
backupDaily = false
denyPublicSignup = true
showContactAdministratorsForm = true
loginManagerSettings = com.atlassian.confluence.setup.settings.beans.LoginManagerSettings@1cbb593
maxRssItems = 200
ignoredAdminTasks = confluence.sections.admin.tasks:marketplaceAdminTask
almostSupportPeriodEndMessageOff = true
enableDidYouMean = false
enableJavascriptTop = true
externalUserManagement = false
attachmentMaxSize = 12582912
attachmentSecurityLevel = SMART
timeZone = time.zone.America.Los.Angeles
baseUrlAdminMessageOff = false
showSystemInfoIn500Page = false
webdavPassword = null
supportRequestEmail = confluence-autosupportrequests@atlassian.com
pageTimeout = 120
allowRemoteApiAnonymous = false
attachmentDataStore = file.system.based.attachments.storage
rssTimeout = 60
maxThumbDimensions = 300x300
emailAdminMessageOff = false
disableLogo = true
maxAttachmentsInUI = 5
dailyBackupDateFormatPattern = yyyy_MM_dd
enableOpenSearch = true
xsrfAddComments = true
displayLinkIcons = false
addWildcardsToUserAndGroupSearches = true
useWysiwygByDefault = true
allowTrackbacks = false
webSudoEnabled = true
antiXssMode = true
webdavEnabled = false
siteHomePage = null
dailyBackupFilePrefix = daily-backup-
backupPath = D:\confluence\data\backups
customContactMessage = Please enter information about your request for the site administrators. If you are reporting an error please be sure you include information on what you were doing and the time the problem occurred.
draftSaveInterval = 30000
--------------------------
Usage Info
--------------------------
totalSpaces = 43
localGroups = 406
localUsers = 500
globalSpaces = 20
allContent = 95927
indexSize = 54149
personalSpaces = 23
currentContent = 13289
--------------------------
JVM Stats
--------------------------
allocatedHeap = 1038352384
usedMemory = 203444600
availablePermGen = 188333256
totalMemory = 1038352384
freeMemory = 834907784
maxPermGen = 268435456
usedPermGen = 80102200
freeMemoryInMegabytes = 796
freeAllocatedHeap = 834907784
availableHeap = 1094037128
usedMemoryInMegabytes = 194
maxHeap = 1297481728
usedHeap = 203444600
totalMemoryInMegabytes = 990
--------------------------
Cluster Information
--------------------------
Not clustered.
--------------------------
Enabled Plugins
--------------------------
ActiveObjects Plugin - OSGi Bundle (com.atlassian.activeobjects.activeobjects-plugin, Version: 0.24-m5-confluence, Installed: bundled)
Adaptavist Content Formatting Macros (com.adaptavist.confluence.contentFormattingMacros, Version: 4.1.3, Installed: Nov 3, 2014)
Add Content Menu Sections (confluence.menu.add, Version: 1.0, Installed: bundled)
Admin Sections (confluence.sections.admin, Version: 1.0, Installed: bundled)
Admin Tasks (confluence.sections.admin.tasks, Version: 1.0, Installed: bundled)
Administration Menu Items (confluence.sections.admin.header, Version: 1.0, Installed: bundled)
Advanced Macros (confluence.macros.advanced, Version: 2.4.3, Installed: bundled)
Apache HttpClient OSGi bundle (org.apache.httpcomponents.httpclient-4.0, Version: 4.0, Installed: bundled)
Apache HttpCore OSGi bundle (org.apache.httpcomponents.httpcore-4.0, Version: 4.0, Installed: bundled)
Apache ServiceMix :: Bundles :: javax.inject (org.apache.servicemix.bundles.javax-inject-1.0.0.2, Version: 1.0.0.2, Installed: bundled)
Applinks Product Plugin (com.atlassian.applinks.applinks-plugin, Version: 4.0.11, Installed: bundled)
Atlassian Bot Session Killer (com.atlassian.labs.atlassian-bot-killer, Version: 1.7.2.1, Installed: bundled)
Atlassian Editor Plugin (com.atlassian.plugins.editor, Version: 5.4.4, Installed: bundled)
Atlassian Embedded Crowd - Administration Plugin (com.atlassian.crowd.embedded.admin, Version: 1.7, Installed: bundled)
Atlassian Gadgets API (com.atlassian.gadgets.atlassian-gadgets-api-3.3.0.m2, Version: 3.3.0.m2, Installed: bundled)
Atlassian Gadgets OAuth Service Provider Plugin (com.atlassian.gadgets.oauth.serviceprovider, Version: 3.3.0-m2, Installed: bundled)
Atlassian Gadgets SPI (com.atlassian.gadgets.atlassian-gadgets-spi-3.3.0.m2, Version: 3.3.0.m2, Installed: bundled)
Atlassian HTTP Client, Apache HTTP components impl (com.atlassian.httpclient.atlassian-httpclient-plugin, Version: 0.17.1, Installed: bundled)
Atlassian HealthCheck Common Module (com.atlassian.healthcheck.atlassian-healthcheck, Version: 2.0.3, Installed: bundled)
Atlassian Keyboard Shortcuts - module support (com.atlassian.plugins.shortcuts.atlassian-shortcuts-plugin, Version: 1.3.2, Installed: bundled)
Atlassian LESS Transformer Plugin (com.atlassian.plugins.less-transformer-plugin, Version: 1.3.4, Installed: bundled)
Atlassian Navigation Links Plugin (com.atlassian.plugins.atlassian-nav-links-plugin, Version: 3.2.12, Installed: bundled)
Atlassian OAuth API (com.atlassian.oauth.atlassian-oauth-api-1.9.1, Version: 1.9.1, Installed: bundled)
Atlassian OAuth Admin Plugin (com.atlassian.oauth.admin, Version: 1.9.1, Installed: bundled)
Atlassian OAuth Consumer Plugin (com.atlassian.oauth.consumer, Version: 1.9.1, Installed: bundled)
Atlassian OAuth Consumer SAL SPI Implementation (com.atlassian.oauth.consumer.sal, Version: 1.9.1, Installed: bundled)
Atlassian OAuth Consumer SPI (com.atlassian.oauth.atlassian-oauth-consumer-spi-1.9.1, Version: 1.9.1, Installed: bundled)
Atlassian OAuth Service Provider Plugin (com.atlassian.oauth.serviceprovider, Version: 1.9.1, Installed: bundled)
Atlassian OAuth Service Provider SAL SPI Implementation (com.atlassian.oauth.serviceprovider.sal, Version: 1.9.1, Installed: bundled)
Atlassian OAuth Service Provider SPI (com.atlassian.oauth.atlassian-oauth-service-provider-spi-1.9.1, Version: 1.9.1, Installed: bundled)
Atlassian Plugins - Web Resources - Implementation Plugin (com.atlassian.plugins.atlassian-plugins-webresource-plugin, Version: 3.0.0-m24-logging-1, Installed: bundled)
Atlassian Pretty URLs Plugin (com.atlassian.prettyurls.atlassian-pretty-urls-plugin, Version: 1.5, Installed: bundled)
Atlassian REST - Module Types (com.atlassian.plugins.rest.atlassian-rest-module, Version: 2.8.0-m7, Installed: bundled)
Atlassian Soy Templates - Plugin (com.atlassian.soy.soy-template-plugin, Version: 2.2.0, Installed: bundled)
Atlassian Template Renderer API (com.atlassian.templaterenderer.api, Version: 1.4.3, Installed: bundled)
Atlassian Template Renderer Velocity 1.6 Plugin (com.atlassian.templaterenderer.atlassian-template-renderer-velocity1.6-plugin, Version: 1.4.3, Installed: bundled)
Atlassian Templates Import Framework (com.atlassian.confluence.plugins.templates-framework, Version: 0.2.3, Installed: bundled)
Atlassian TinyMCE Plugin (com.atlassian.plugins.tinymce, Version: 5.4.4, Installed: bundled)
Atlassian UI Integration with SAL (auiplugin-integration-sal, Version: 5.1.3, Installed: bundled)
Atlassian UI Plugin (com.atlassian.auiplugin, Version: 5.1.3, Installed: bundled)
Atlassian Universal Plugin Manager - Plugin License Storage plugin (com.atlassian.upm.plugin-license-storage-plugin, Version: 2.14, Installed: bundled)
Atlassian Universal Plugin Manager Plugin (com.atlassian.upm.atlassian-universal-plugin-manager-plugin, Version: 2.18.1, Installed: Nov 3, 2014)
Atlassian WebHooks Plugin (com.atlassian.webhooks.atlassian-webhooks-plugin, Version: 0.17.3, Installed: bundled)
Atlassian Whitelist API Plugin (com.atlassian.plugins.atlassian-whitelist-api-plugin, Version: 1.6, Installed: bundled)
Atlassian Whitelist UI Plugin (com.atlassian.plugins.atlassian-whitelist-ui-plugin, Version: 1.6, Installed: bundled)
Atlassian XHTML (com.atlassian.plugins.atlassian-xhtml, Version: 5.4.4, Installed: bundled)
Attachment Actions (confluence.sections.attachments, Version: 1.0, Installed: bundled)
Attachment Extractors (com.atlassian.confluence.plugins.attachmentExtractors, Version: 1.1, Installed: bundled)
BND Library (biz.aQute.bndlib-0.0.255, Version: 0.0.255, Installed: bundled)
Basic Macros (confluence.macros.basic, Version: 2.0.5, Installed: bundled)
Browse Menu Items (confluence.sections.browse, Version: 1.0, Installed: bundled)
Chart Plugin (confluence.extra.chart, Version: 2.0.4, Installed: bundled)
Code Macro Plugin (com.atlassian.confluence.ext.newcode-macro-plugin, Version: 2.1.4, Installed: Apr 2, 2014)
Comment Action Sections (confluence.comment.action, Version: 1.0, Installed: bundled)
Confluence API (com.atlassian.confluence.plugins.confluence-api, Version: 5.4.4, Installed: bundled)
Confluence API Implementation (com.atlassian.confluence.plugins.confluence-api-impl, Version: 5.4.4, Installed: bundled)
Confluence AUI Staging (confluence.aui.staging, Version: 5.4.4, Installed: bundled)
Confluence Active Objects SPI implementation (com.atlassian.activeobjects.confluence.spi, Version: 0.24-m5-confluence, Installed: bundled)
Confluence Activity Stream Plugin (com.atlassian.streams.confluence, Version: 5.3.6, Installed: bundled)
Confluence Activity Streams Inline Actions Plugin (com.atlassian.streams.confluence.inlineactions, Version: 5.3.6, Installed: bundled)
Confluence Attachments Plugin (confluence.extra.attachments, Version: 3.6.10, Installed: bundled)
Confluence Axis SOAP plugin (com.atlassian.confluence.rpc.confluence-axis-soap-plugin, Version: 1.4, Installed: bundled)
Confluence Blogging RPC Plugin (com.atlassian.confluence.plugins.xmlrpc.bloggingrpc, Version: 2.0.0, Installed: bundled)
Confluence Business Blueprints Bundle (com.atlassian.confluence.plugins.confluence-business-blueprints, Version: 2.2.10, Installed: bundled)
Confluence Cache Management Plugin (com.atlassian.confluence.plugins.confluence-cache-management-plugin, Version: 1.0.6, Installed: bundled)
Confluence Content Report Plugin (com.atlassian.confluence.plugins.confluence-content-report-plugin, Version: 1.0.15, Installed: bundled)
Confluence Contributors Plugin (com.atlassian.confluence.contributors, Version: 1.4.6, Installed: bundled)
Confluence Core Macros (confluence.macros.core, Version: 5.4.4, Installed: bundled)
Confluence Create Content Plugin (com.atlassian.confluence.plugins.confluence-create-content-plugin, Version: 2.1.38, Installed: bundled)
Confluence Dark Features REST endpoint (com.atlassian.confluence.plugins.confluence-darkfeatures-rest, Version: 5.4.4, Installed: bundled)
Confluence Dashboard Actions (com.atlassian.confluence.plugins.dashboard-actions, Version: 5.4.4, Installed: bundled)
Confluence Default Space Content Plugin (com.atlassian.confluence.plugins.confluence-default-space-content-plugin, Version: 0.4, Installed: bundled)
Confluence Distraction Free Editor (com.atlassian.confluence.confluence-editor-hide-tools, Version: 1.0.20, Installed: bundled)
Confluence Drag and Drop Plugin (com.atlassian.confluence.plugins.drag-and-drop, Version: 5.4.4, Installed: bundled)
Confluence Easy-User Admin (com.atlassian.confluence.plugins.confluence-easyuser-admin, Version: 5.4.4, Installed: bundled)
Confluence Edge Index (com.atlassian.confluence.plugins.confluence-edge-index, Version: 5.4.4, Installed: bundled)
Confluence Editor Compatibility Support (com.atlassian.confluence.tinymceplugin, Version: 5.4.4, Installed: bundled)
Confluence Editor Loader Plugin (com.atlassian.confluence.plugins.editor-loader, Version: 5.4.4, Installed: bundled)
Confluence Editor Plugin (com.atlassian.confluence.editor, Version: 5.4.4, Installed: bundled)
Confluence Email Resources (com.atlassian.confluence.plugins.confluence-email-resources, Version: 5.3.4, Installed: bundled)
Confluence Expand Macro (com.atlassian.confluence.plugins.expand-macro, Version: 5.4.4, Installed: bundled)
Confluence Extractor API Plugin (com.atlassian.confluence.plugins.confluence-extractor-api-plugin, Version: 1.0.1, Installed: bundled)
Confluence French (France) Language Pack (tac.confluence.languages.fr_FR, Version: 5.4.0-v2r2499-2013-12-10, Installed: bundled)
Confluence German (Germany) Language Pack (tac.confluence.languages.de_DE, Version: 5.4.0-v2r8282-2013-12-10, Installed: bundled)
Confluence Getting Started (confluence.getting-started, Version: 5.4.4, Installed: bundled)
Confluence HTML Macros (confluence.macros.html, Version: 2.1.1, Installed: bundled)
Confluence Healthcheck Plugin (com.atlassian.confluence.plugins.confluence-healthcheck-plugin, Version: 1.0.1, Installed: bundled)
Confluence Image Attributes (com.atlassian.confluence.plugins.confluence-image-attributes, Version: 5.4.4, Installed: bundled)
Confluence Image Effects Plugin (com.atlassian.confluence.image.effects.ImageEffectsPlugin, Version: 1.1.7, Installed: bundled)
Confluence Inline Tasks (com.atlassian.confluence.plugins.confluence-inline-tasks, Version: 5.4.4, Installed: bundled)
Confluence JIRA Metadata Plugin (com.atlassian.confluence.plugins.confluence-jira-metadata, Version: 1.2.2, Installed: bundled)
Confluence JSON-RPC Plugin (com.atlassian.confluence.rpc.confluence-json-rpc-plugin, Version: 1.0.5, Installed: bundled)
Confluence Japanese (Japan) Language Pack (tac.confluence.languages.ja_JP, Version: 5.4.0-v2r20318-2013-12-10, Installed: bundled)
Confluence Keyboard Shortcuts Plugin (com.atlassian.confluence.keyboardshortcuts, Version: 5.4.4, Installed: bundled)
Confluence Knowledge Base Blueprints Plugin (com.atlassian.confluence.plugins.confluence-knowledge-base, Version: 1.3, Installed: bundled)
Confluence Like Plugin (com.atlassian.confluence.plugins.confluence-like, Version: 5.4.4, Installed: bundled)
Confluence Link Browser (com.atlassian.confluence.plugins.confluence-link-browser, Version: 5.4.4, Installed: bundled)
Confluence Look And Feel Logo Plugin (com.atlassian.confluence.plugins.confluence-lookandfeel, Version: 5.4.4, Installed: bundled)
Confluence Macro Browser (com.atlassian.confluence.plugins.confluence-macro-browser, Version: 5.4.4, Installed: bundled)
Confluence Macro Usage (com.atlassian.confluence.plugins.confluence-macro-usage, Version: 5.4.4, Installed: bundled)
Confluence Mentions Plugin (com.atlassian.confluence.plugins.confluence-mentions-plugin, Version: 1.8.10, Installed: bundled)
Confluence Mobile Plugin (com.atlassian.confluence.plugins.confluence-mobile, Version: 6.2, Installed: bundled)
Confluence Monitoring Console (com.atlassian.confluence.plugins.confluence-monitoring-console, Version: 5.4.4, Installed: bundled)
Confluence Nav Links Plugin (com.atlassian.confluence.plugins.confluence-nav-links, Version: 5.4.4, Installed: bundled)
Confluence PDF Export (com.atlassian.confluence.extra.flyingpdf, Version: 2.21, Installed: bundled)
Confluence Page Banner (com.atlassian.confluence.plugins.confluence-page-banner, Version: 1.14, Installed: bundled)
Confluence Page Layouts (com.atlassian.confluence.plugins.confluence-page-layout, Version: 5.4.4, Installed: bundled)
Confluence Paste (com.atlassian.confluence.plugins.confluence-paste, Version: 5.4.4, Installed: bundled)
Confluence Quick Edit Plugin (com.atlassian.confluence.plugins.quickedit, Version: 5.4.4, Installed: bundled)
Confluence Quick Reload Plugin (com.atlassian.confluence.plugins.quickreload, Version: 5.4.4, Installed: bundled)
Confluence Quicknav (com.atlassian.confluence.plugins.confluence-quicknav, Version: 5.4.4, Installed: bundled)
Confluence REST API (com.atlassian.confluence.restplugin, Version: 5.4.4, Installed: bundled)
Confluence Reliable Save Plugin (com.atlassian.confluence.plugins.reliablesave, Version: 5.4.4, Installed: bundled)
Confluence Remote API (confluence.extra.confluencerpc, Version: 5.4.4, Installed: bundled)
Confluence Remote Page View Plugin (com.atlassian.confluence.plugins.confluence-remote-page-view-plugin, Version: 1.4, Installed: bundled)
Confluence Request Access Plugin (com.atlassian.confluence.plugins.confluence-request-access-plugin, Version: 1.13.1, Installed: bundled)
Confluence SAL Plugin (com.atlassian.confluence.plugins.confluence-sal-plugin, Version: 5.4.4, Installed: bundled)
Confluence Scheduled Job Administration UI (com.atlassian.confluence.plugins.confluence-schedule-admin, Version: 5.4.4, Installed: bundled)
Confluence Search Plugin (com.atlassian.confluence.plugins.search.confluence-search, Version: 1.2.21, Installed: bundled)
Confluence Software Blueprints Bundle (com.atlassian.confluence.plugins.confluence-software-blueprints, Version: 2.3.3, Installed: bundled)
Confluence Sortable Tables (com.atlassian.confluence.plugins.confluence-sortable-tables, Version: 5.4.4, Installed: bundled)
Confluence Soy Template Support (com.atlassian.confluence.plugins.soy, Version: 5.4.4, Installed: bundled)
Confluence Space Blueprints (com.atlassian.confluence.plugins.confluence-space-blueprints, Version: 1.5.1, Installed: bundled)
Confluence Space Directory (com.atlassian.confluence.plugins.confluence-space-directory, Version: 5.4.4, Installed: bundled)
Confluence Space IA (Left Sidebar) (com.atlassian.confluence.plugins.confluence-space-ia, Version: 6.3.8, Installed: bundled)
Confluence Spanish (Spain) Language Pack (tac.confluence.languages.es_ES, Version: 5.4.0-v2r15919-2013-12-10, Installed: bundled)
Confluence Template Plugin (com.atlassian.confluence.plugins.confluence-templates, Version: 5.4.4, Installed: bundled)
Confluence Thread Dump Plugin (com.atlassian.confluence.plugin.threaddump, Version: 2.0.1, Installed: bundled)
Confluence UI REST (com.atlassian.confluence.plugins.confluence-ui-rest, Version: 5.4.4, Installed: bundled)
Confluence Usage Stats (com.atlassian.confluence.ext.usage, Version: 0.18, Installed: bundled)
Confluence User Rest (com.atlassian.confluence.plugins.confluence-user-rest, Version: 5.4.4, Installed: bundled)
Confluence View Source (com.atlassian.confluence.plugins.view-source, Version: 5.4.4, Installed: bundled)
Confluence View Storage Format (com.atlassian.confluence.plugins.view-storage-format, Version: 5.4.4, Installed: bundled)
Confluence Watch Button (com.atlassian.confluence.plugins.watch-button, Version: 1.3, Installed: bundled)
Confluence What's New (com.atlassian.confluence.whatsnew, Version: 5.4.4, Installed: bundled)
Confluence and Jira Content Connector (com.atlassian.confluence.plugins.confluence-jira-content, Version: 1.2.1, Installed: bundled)
Confluence daily summary email (com.atlassian.confluence.plugins.confluence-daily-summary-email, Version: 5.4.4, Installed: bundled)
Content Action Menu Sections (confluence.content.action.menu, Version: 1.0, Installed: bundled)
Content Buttons (confluence.sections.page.temp, Version: 1.0, Installed: bundled)
Core Extractors (confluence.extractors.core, Version: 1.4, Installed: bundled)
Core Filters (confluence.filters.core, Version: 1.0, Installed: bundled)
Core Listeners (confluence.listeners.core, Version: 1.3, Installed: bundled)
Core Path Converters (confluence.converters.core, Version: 1.0, Installed: bundled)
Core Startup and Shutdown (confluence.lifecycle.core, Version: 1, Installed: bundled)
Create Menu Items (confluence.sections.create, Version: 1.0, Installed: bundled)
Crowd System Password Encoders (crowd.system.passwordencoders, Version: 1.0, Installed: bundled)
Dashboard Macros (confluence.macros.dashboard, Version: 5.4.4, Installed: bundled)
Default Macro Metadata Provider (confluence.macro.metadata.provider, Version: 1.0, Installed: bundled)
Default Theme (com.atlassian.confluence.themes.default, Version: 1.0, Installed: bundled)
Default section provider for content name search (confluence.search.contentname, Version: 1.0, Installed: bundled)
Dialog Wizard (com.atlassian.confluence.plugins.dialog-wizard, Version: 0.5, Installed: bundled)
Did You Mean Index Building Interface (confluence.sections.admin.indexing, Version: 1.0, Installed: bundled)
Documentation Theme (com.atlassian.confluence.plugins.doctheme, Version: 5.4.4, Installed: bundled)
Dynamic Task List 2 Plugin (confluence.extra.dynamictasklist2, Version: 4.2.4, Installed: Apr 2, 2014)
Edit Settings Sections (confluence.sections.settings.edit, Version: 1.0, Installed: bundled)
Editor Actions (confluence.editor.actions, Version: 1.0, Installed: bundled)
EhCache Plugins (confluence.cache.ehcache, Version: 3.0, Installed: bundled)
Embedded Gadgets Plugin (com.atlassian.gadgets.embedded, Version: 3.3.0-m2, Installed: bundled)
Follow list resources (confluence.sections.user.follow.list, Version: 1.0, Installed: bundled)
Gadget Directory Plugin (com.atlassian.gadgets.directory, Version: 3.3.0-m2, Installed: bundled)
Gadget Spec Publisher Plugin (com.atlassian.gadgets.publisher, Version: 3.3.0-m2, Installed: bundled)
Gadgets Plugin (com.atlassian.confluence.plugins.gadgets, Version: 5.4.4, Installed: bundled)
Gadgets Plugin SPI (com.atlassian.confluence.plugins.gadgets.spi, Version: 5.4.4, Installed: bundled)
Global Header Image Links (confluence.header.imagelinks, Version: 1.0, Installed: bundled)
Global Labels Sections (confluence.sections.labels, Version: 1.0, Installed: bundled)
Help Menu Items (confluence.sections.help, Version: 1.0, Installed: bundled)
ICU4J (com.atlassian.bundles.icu4j-3.8.0.1, Version: 3.8.0.1, Installed: bundled)
Information Macros (confluence.extra.information, Version: 2.0.22, Installed: bundled)
JIRA Macros (confluence.extra.jira, Version: 5.3.3-m6, Installed: bundled)
JSON Library (com.atlassian.bundles.json-20070829.0.0.1, Version: 20070829.0.0.1, Installed: bundled)
JSR 305 Annotations (com.atlassian.bundles.jsr305-1.0, Version: 1.0, Installed: bundled)
Java Concurrency in Practice Annotations (com.springsource.net.jcip.annotations-1.0.0, Version: 1.0.0, Installed: bundled)
LaTeX Math (com.tensixtwo.conf.latexmath, Version: 1.9, Installed: Oct 1, 2014)
Layout Macros (confluence.extra.layout, Version: 2.1.6, Installed: bundled)
License REST plugin for Confluence (com.atlassian.confluence.plugins.confluence-license-rest, Version: 5.4.4, Installed: bundled)
Live Search Macros (confluence.extra.livesearch, Version: 3.0.7, Installed: bundled)
Lucene Boosting Strategies (confluence.search.lucene.boosting, Version: 1.0, Installed: bundled)
Lucene Compatibility Plugin (com.atlassian.labs.lucene-compat-plugin, Version: 1.1.1, Installed: bundled)
Lucene Searcher Initializers (confluence.search.lucene.initialisation, Version: 1.0, Installed: bundled)
Multi Excerpt (biz.artemissoftware.confluence.multiexcerpt.MultiExcerptMacro, Version: 2.0.6, Installed: Jun 29, 2010)
News Tabs (confluence.sections.news, Version: 1.0, Installed: bundled)
Office Connector plugin (com.atlassian.confluence.extra.officeconnector, Version: 3.1.4.4, Installed: Feb 14, 2011)
Opensocial Plugin (com.atlassian.gadgets.opensocial, Version: 3.3.0-m2, Installed: bundled)
Page Highlight Actions (com.atlassian.confluence.plugins.confluence-highlight-actions, Version: 1.3, Installed: bundled)
Page Operations (confluence.sections.page.operations, Version: 1.0, Installed: bundled)
Page Properties Macros (confluence.extra.masterdetail, Version: 4.1.1, Installed: bundled)
Page Tabs (confluence.search.mappers.lucene, Version: 1.0, Installed: bundled)
Page Tabs (confluence.sections.page, Version: 1.0, Installed: bundled)
Page Tree Plugin (com.atlassian.confluence.plugins.pagetree, Version: 2.3.3, Installed: bundled)
Plugin Licensing Manager Plugin (com.adaptavist.plm.plugin.plm-plugin, Version: 0.7.0, Installed: Apr 2, 2014)
Profile Macros (confluence.macros.profile, Version: 1.0, Installed: bundled)
Profile Picture (com.atlassian.confluence.plugins.profile-picture, Version: 1.6, Installed: bundled)
Profile Tabs (confluence.sections.profile, Version: 1.0, Installed: bundled)
Project Creation Capability Product REST Plugin (com.atlassian.plugins.atlassian-project-creation-plugin, Version: 1.2.2, Installed: bundled)
Project Creation Plugin SPI for Confluence (com.atlassian.plugins.confluence-project-creation, Version: 1.2.2, Installed: bundled)
Recently Viewed Plugin (com.atlassian.confluence.plugins.recently-viewed-plugin, Version: 3.8, Installed: bundled)
Search Web Interface (confluence.sections.admin.generalconfig, Version: 1.0, Installed: bundled)
Search Web Interface (confluence.sections.search.view, Version: 1.0, Installed: bundled)
Share Page (com.atlassian.confluence.plugins.share-page, Version: 3.1.5, Installed: bundled)
Space Admin Sections (confluence.sections.space.admin, Version: 1.0, Installed: bundled)
Space Advanced Sections (confluence.sections.space.advanced, Version: 1.0, Installed: bundled)
Space Browse Sections (confluence.sections.space.browse, Version: 1.0, Installed: bundled)
Space Export Web Interface (confluence.sections.space.export.view, Version: 1.0, Installed: bundled)
Space Item Tabs (confluence.sections.space, Version: 1.0, Installed: bundled)
Space Labels Sections (confluence.sections.space.labels, Version: 1.0, Installed: bundled)
Space Pages Sections (confluence.sections.space.pages, Version: 1.0, Installed: bundled)
Space Tools Sections (confluence.sections.space.tools, Version: 1.0, Installed: bundled)
Spring Interceptor Adapter Plugin (com.atlassian.plugins.atlassian-spring-interceptor-adapter-plugin-1.1, Version: 1.1, Installed: bundled)
Status Macro (com.atlassian.confluence.plugins.status-macro, Version: 2.15, Installed: bundled)
Streams API (com.atlassian.streams.streams-api-5.3.6, Version: 5.3.6, Installed: bundled)
Streams Core Plugin (com.atlassian.streams.core, Version: 5.3.6, Installed: bundled)
Streams Inline Actions Plugin (com.atlassian.streams.actions, Version: 5.3.6, Installed: bundled)
Streams Plugin (com.atlassian.streams, Version: 5.3.6, Installed: bundled)
Streams SPI (com.atlassian.streams.streams-spi-5.3.6, Version: 5.3.6, Installed: bundled)
Support Tools Plugin (com.atlassian.support.stp, Version: 3.5.20, Installed: Nov 3, 2014)
System Templates (com.atlassian.confluence.plugins.system-templates, Version: 5.4.4, Installed: bundled)
System Web Components (confluence.web.components, Version: 1.0, Installed: bundled)
System Web Panels (confluence.web.panels, Version: 1.0, Installed: bundled)
System Web Panels (confluence.web.panel.renderers, Version: 1.0, Installed: bundled)
System Web Resources (confluence.web.resources, Version: 1.0, Installed: bundled)
TDM Merger (com.atlassian.plugins.confluence-tdm-merger, Version: 5.4.4, Installed: bundled)
Table Plugin (org.swift.confluence.table, Version: 4.4.0, Installed: Jan 30, 2013)
Table of Contents Plugin (org.randombits.confluence.toc, Version: 2.6.10, Installed: bundled)
UWC Importer Admin Panel (com.atlassian.confluence.plugins.uwc.uwcimporter-adminpanel, Version: 1.2.2, Installed: bundled)
Upgrade Administration Interface (confluence.sections.admin.upgrade, Version: 1.0, Installed: bundled)
User Administration (confluence.admin.user, Version: 1.0, Installed: bundled)
User Hover Menu Sections (confluence.user.hover.menu, Version: 1.0, Installed: bundled)
User Lister (confluence.extra.userlister, Version: 2.6.1, Installed: bundled)
User Menu Sections (confluence.user.menu, Version: 1.0, Installed: bundled)
User Menu Sections (confluence.user.menu.concise, Version: 1.0, Installed: bundled)
User Status (confluence.userstatus, Version: 1.0, Installed: bundled)
View Profile Web Interface (confluence.sections.profile.view, Version: 1.0, Installed: bundled)
View follow resources (confluence.sections.user.view.follow, Version: 1.0, Installed: bundled)
WebDAV Plugin (confluence.extra.webdav, Version: 3.1.1, Installed: bundled)
Widget Connector (com.atlassian.confluence.extra.widgetconnector, Version: 2.3.2, Installed: bundled)
Wiki Markup Plugin (confluence.xhtml.wikimarkup, Version: 1.0, Installed: bundled)
Wiki Renderer Components (confluence.renderer.components, Version: 1.0, Installed: bundled)
Workbox - Common Plugin (com.atlassian.mywork.mywork-common-plugin, Version: 1.3, Installed: bundled)
Workbox - Confluence Provider Plugin (com.atlassian.mywork.mywork-confluence-provider-plugin, Version: 1.3, Installed: bundled)
Workbox - Host Plugin (com.atlassian.mywork.mywork-confluence-host-plugin, Version: 1.3, Installed: bundled)
atlassian-failure-cache-plugin (com.atlassian.atlassian-failure-cache-plugin, Version: 0.6, Installed: bundled)
atlassian-help-tips (com.atlassian.plugins.atlassian-help-tips, Version: 2.0, Installed: bundled)
confluence-email-tracker (com.atlassian.confluence.plugins.confluence-email-tracker, Version: 1.0, Installed: bundled)
confluence-feature-discovery-plugin (com.atlassian.confluence.plugins.confluence-feature-discovery-plugin, Version: 1.8, Installed: bundled)
confluence-ui-components (com.atlassian.confluence.plugins.confluence-ui-components, Version: 1.0-m8, Installed: bundled)

2014-11-12 13:32:49,963 INFO [main] [atlassian.confluence.util.AccessLogFilter] init AccessLogFilter initialized. Format is: <user> <url> <starting memory free (kb)> +- <difference in free mem (kb)> <query time (ms)> <remote address>
2014-11-12 13:32:50,838 INFO [main] [com.atlassian.confluence.lifecycle] init Confluence is ready to serve
2014-11-12 13:33:15,337 INFO [http-130.164.122.106-443-56] [atlassian.confluence.util.AccessLogFilter] doFilter jweek GET https://wiki.awrcorp.com/display/hr/NI+Benefits+Integration+-+January+1%2C+2015 719555-65511 17602 10.21.0.21
2014-11-12 13:33:30,429 INFO [http-130.164.122.106-443-49] [atlassian.confluence.util.AccessLogFilter] doFilter bserpico GET https://wiki.awrcorp.com/display/hr 551612-61058 486 10.16.48.32
2014-11-12 13:33:31,556 INFO [http-130.164.122.106-443-48] [atlassian.confluence.util.AccessLogFilter] doFilter bserpico GET https://wiki.awrcorp.com/display/hr 729411-93069 845 10.16.48.32
2014-11-12 13:33:35,362 INFO [http-130.164.122.106-443-22] [atlassian.confluence.util.AccessLogFilter] doFilter rwelch GET https://wiki.awrcorp.com/display/WU 658667-4156 141 10.21.0.24
2014-11-12 13:33:36,020 INFO [http-130.164.122.106-443-48] [atlassian.confluence.util.AccessLogFilter] doFilter bserpico GET https://wiki.awrcorp.com/display/hr/Home 627276-3355 4417 10.16.48.32
2014-11-12 13:33:44,592 INFO [http-130.164.122.106-443-51] [atlassian.confluence.util.AccessLogFilter] doFilter bserpico GET https://wiki.awrcorp.com/display/hr/NI+Benefits+Integration+-+January+1%2C+2015 724551-187471 1548 10.16.48.32
2014-11-12 13:33:45,201 INFO [http-130.164.122.106-443-50] [atlassian.confluence.util.AccessLogFilter] doFilter bserpico GET https://wiki.awrcorp.com/display/hr/NI+Benefits+Integration+-+January+1%2C+2015 668146+51218 1813 10.16.48.32
2014-11-12 13:33:45,357 INFO [http-130.164.122.106-443-22] [atlassian.confluence.util.AccessLogFilter] doFilter rwelch GET https://wiki.awrcorp.com/display/WU/Home 652672+51647 9917 10.21.0.24
2014-11-12 13:34:46,163 WARN [http-130.164.122.106-443-24] [jersey.spi.inject.Errors] processErrorMessages The following warnings have been detected with resource and/or provider classes:
  WARNING: A HTTP GET method, public javax.ws.rs.core.Response com.atlassian.confluence.tinymceplugin.rest.DraftsResource.getDrafts(int,int), should not consume any entity.
 -- referer: https://wiki.awrcorp.com/pages/createblogpost.action?spaceKey=WU | url: /rest/tinymce/1/drafts | userName: rwelch
2014-11-12 13:35:41,247 INFO [http-130.164.122.106-443-57] [atlassian.confluence.util.AccessLogFilter] doFilter mreed GET https://wiki.awrcorp.com/display/WU/Home 558529+192036 1319 10.16.48.22
2014-11-12 13:35:46,180 INFO [http-130.164.122.106-443-51] [atlassian.confluence.util.AccessLogFilter] doFilter yuanliu GET https://wiki.awrcorp.com/display/WU 636965-1137 15 10.21.0.36
2014-11-12 13:35:47,924 INFO [http-130.164.122.106-443-51] [atlassian.confluence.util.AccessLogFilter] doFilter yuanliu GET https://wiki.awrcorp.com/display/WU/Home 635828-86534 1681 10.21.0.36
2014-11-12 13:36:11,794 INFO [http-130.164.122.106-443-55] [atlassian.confluence.util.AccessLogFilter] doFilter sylin GET https://wiki.awrcorp.com/display/release/V12+MSUB+Line+Type+Synchronization+Testing 714785-44032 723 10.16.40.12
2014-11-12 13:36:13,664 INFO [http-130.164.122.106-443-55] [atlassian.confluence.util.AccessLogFilter] doFilter sylin GET https://wiki.awrcorp.com/display/release/V12+MSUB+Line+Type+Synchronization+Documentation 650954-83878 754 10.16.40.12
2014-11-12 13:36:13,821 INFO [http-130.164.122.106-443-51] [atlassian.confluence.util.AccessLogFilter] doFilter yuanliu GET https://wiki.awrcorp.com/display/WU/2014/11/05/2014-11-05+Staff+Call 659122-98235 1116 10.21.0.36
2014-11-12 13:36:31,034 INFO [http-130.164.122.106-443-44] [atlassian.confluence.util.AccessLogFilter] doFilter yuanliu GET https://wiki.awrcorp.com/display/~rwelch 519699+234542 786 10.21.0.36
2014-11-12 13:36:35,341 INFO [http-130.164.122.106-443-25] [atlassian.confluence.util.AccessLogFilter] doFilter yuanliu GET https://wiki.awrcorp.com/display/ae/2014/11/10/Surface+Roughness+Discussion 729287-47133 928 10.21.0.36
2014-11-12 13:39:37,025 INFO [http-130.164.122.106-443-62] [atlassian.confluence.util.AccessLogFilter] doFilter jicarrol GET https://wiki.awrcorp.com/display/focusgroups 569640-529 16 130.164.39.150
2014-11-12 13:39:48,391 INFO [http-130.164.122.106-443-62] [atlassian.confluence.util.AccessLogFilter] doFilter jicarrol GET https://wiki.awrcorp.com/display/focusgroups/Home 568945-2541 11288 130.164.39.150
2014-11-12 13:40:07,674 INFO [http-130.164.122.106-443-62] [atlassian.confluence.util.AccessLogFilter] doFilter jicarrol GET https://wiki.awrcorp.com/display/focusgroups/Analyst+results+improvement+when+multiple+non-port+conductors+lie+on+a+wave+port+plane 715842-40689 676 130.164.39.150
2014-11-12 13:40:18,187 INFO [http-130.164.122.106-443-48] [atlassian.confluence.util.AccessLogFilter] doFilter mreed GET https://wiki.awrcorp.com/display/focusgroups/Home 591588-98125 2876 10.16.48.22
2014-11-12 13:41:11,136 INFO [http-130.164.122.106-443-34] [atlassian.confluence.util.AccessLogFilter] doFilter cbean GET https://wiki.awrcorp.com/display/focusgroups/Analyst+results+improvement+when+multiple+non-port+conductors+lie+on+a+wave+port+plane 623393-42568 1163 130.164.103.66
2014-11-12 13:41:47,357 INFO [http-130.164.122.106-443-29] [atlassian.confluence.util.AccessLogFilter] doFilter agray GET https://wiki.awrcorp.com/display/WU 683379-475 15 10.22.64.21
2014-11-12 13:41:48,708 INFO [http-130.164.122.106-443-29] [atlassian.confluence.util.AccessLogFilter] doFilter agray GET https://wiki.awrcorp.com/display/WU/Home 681685-82048 1288 10.22.64.21
2014-11-12 13:43:01,597 INFO [http-130.164.122.106-443-22] [atlassian.confluence.util.AccessLogFilter] doFilter rwelch GET https://wiki.awrcorp.com/display/WU/2014/11/12/2014-11-12+Staff+Call 726453-49375 926 10.21.0.24
2014-11-12 13:45:47,640 INFO [http-130.164.122.106-443-31] [atlassian.confluence.util.AccessLogFilter] doFilter dcollins GET https://wiki.awrcorp.com/display/corporate 675928-287 16 10.16.40.50
2014-11-12 13:45:51,214 INFO [http-130.164.122.106-443-31] [atlassian.confluence.util.AccessLogFilter] doFilter dcollins GET https://wiki.awrcorp.com/display/corporate/Home 675450-99111 3543 10.16.40.50
2014-11-12 13:45:57,608 INFO [http-130.164.122.106-443-29] [atlassian.confluence.util.AccessLogFilter] doFilter dcollins GET https://wiki.awrcorp.com/display/focusgroups 718268 15 10.16.40.50
2014-11-12 13:46:00,382 INFO [http-130.164.122.106-443-29] [atlassian.confluence.util.AccessLogFilter] doFilter dcollins GET https://wiki.awrcorp.com/display/focusgroups/Home 718268-137068 2742 10.16.40.50
2014-11-12 13:46:06,854 INFO [http-130.164.122.106-443-21] [atlassian.confluence.util.AccessLogFilter] doFilter dcollins GET https://wiki.awrcorp.com/display/WU/2014/11/12/2014-11-12+Staff+Call 492707+233729 830 10.16.40.50
2014-11-12 13:46:13,436 INFO [http-130.164.122.106-443-31] [atlassian.confluence.util.AccessLogFilter] doFilter dcollins GET https://wiki.awrcorp.com/display/release/V12+VSS+PORT_SRC+Testing 648313-42211 517 10.16.40.50
2014-11-12 13:46:19,845 INFO [http-130.164.122.106-443-58] [atlassian.confluence.util.AccessLogFilter] doFilter dcollins GET https://wiki.awrcorp.com/display/user/Territories+in+Salesforce 519293-49722 721 10.16.40.50
2014-11-12 13:46:41,428 INFO [http-130.164.122.106-443-49] [atlassian.confluence.util.AccessLogFilter] doFilter sylin GET https://wiki.awrcorp.com/display/release/V12+Chamfer+and+Fillet+Rule+and+Shape+Modifier+Documentation 627513-46542 705 10.16.40.12
2014-11-12 13:47:12,423 INFO [http-130.164.122.106-443-63] [atlassian.confluence.util.AccessLogFilter] doFilter agray GET https://wiki.awrcorp.com/display/WU/Home 455384+201017 1425 10.22.64.21
2014-11-12 13:47:17,028 INFO [http-130.164.122.106-443-46] [atlassian.confluence.util.AccessLogFilter] doFilter agray GET https://wiki.awrcorp.com/display/WU/2014/11/12/2014-11-12+Staff+Call 547000-42810 658 10.22.64.21
